d:\work\qt\pro_26.0_occ7.3.0\qhull-2019.1\bin\qhull.pdb
d:\work\qt\pro_26.0_occ7.3.0\qhull-2019.1\build\x64\release\userprintf_rbox.obj
d:\work\qt\pro_26.0_occ7.3.0\qhull-2019.1\build\x64\release\userprintf.obj
d:\work\qt\pro_26.0_occ7.3.0\qhull-2019.1\build\x64\release\usermem.obj
d:\work\qt\pro_26.0_occ7.3.0\qhull-2019.1\build\x64\release\user.obj
d:\work\qt\pro_26.0_occ7.3.0\qhull-2019.1\build\x64\release\stat.obj
d:\work\qt\pro_26.0_occ7.3.0\qhull-2019.1\build\x64\release\rboxlib.obj
d:\work\qt\pro_26.0_occ7.3.0\qhull-2019.1\build\x64\release\geom.obj
d:\work\qt\pro_26.0_occ7.3.0\qhull-2019.1\build\x64\release\geom2.obj
d:\work\qt\pro_26.0_occ7.3.0\qhull-2019.1\build\x64\release\global.obj
d:\work\qt\pro_26.0_occ7.3.0\qhull-2019.1\build\x64\release\io.obj
d:\work\qt\pro_26.0_occ7.3.0\qhull-2019.1\build\x64\release\libqhull.obj
d:\work\qt\pro_26.0_occ7.3.0\qhull-2019.1\build\x64\release\mem.obj
d:\work\qt\pro_26.0_occ7.3.0\qhull-2019.1\build\x64\release\merge.obj
d:\work\qt\pro_26.0_occ7.3.0\qhull-2019.1\build\x64\release\poly.obj
d:\work\qt\pro_26.0_occ7.3.0\qhull-2019.1\build\x64\release\poly2.obj
d:\work\qt\pro_26.0_occ7.3.0\qhull-2019.1\build\x64\release\qset.obj
d:\work\qt\pro_26.0_occ7.3.0\qhull-2019.1\build\x64\release\random.obj
d:\work\qt\pro_26.0_occ7.3.0\qhull-2019.1\build\x64\release\rboxlib_r.obj
d:\work\qt\pro_26.0_occ7.3.0\qhull-2019.1\build\x64\release\stat_r.obj
d:\work\qt\pro_26.0_occ7.3.0\qhull-2019.1\build\x64\release\usermem_r.obj
d:\work\qt\pro_26.0_occ7.3.0\qhull-2019.1\build\x64\release\userprintf_r.obj
d:\work\qt\pro_26.0_occ7.3.0\qhull-2019.1\build\x64\release\userprintf_rbox_r.obj
d:\work\qt\pro_26.0_occ7.3.0\qhull-2019.1\build\x64\release\user_r.obj
d:\work\qt\pro_26.0_occ7.3.0\qhull-2019.1\build\x64\release\libqhull.tlog\cl.command.1.tlog
d:\work\qt\pro_26.0_occ7.3.0\qhull-2019.1\build\x64\release\libqhull.tlog\cl.read.1.tlog
d:\work\qt\pro_26.0_occ7.3.0\qhull-2019.1\build\x64\release\libqhull.tlog\cl.write.1.tlog
