d:\work\qt\pro_26.0_occ7.3.0\qhull-2019.1\bin\qconvex.pdb
d:\work\qt\pro_26.0_occ7.3.0\qhull-2019.1\build\x64\release\qconvex.obj
d:\work\qt\pro_26.0_occ7.3.0\qhull-2019.1\build\x64\release\geom.obj
d:\work\qt\pro_26.0_occ7.3.0\qhull-2019.1\build\x64\release\geom2.obj
d:\work\qt\pro_26.0_occ7.3.0\qhull-2019.1\build\x64\release\geom2_r.obj
d:\work\qt\pro_26.0_occ7.3.0\qhull-2019.1\build\x64\release\geom_r.obj
d:\work\qt\pro_26.0_occ7.3.0\qhull-2019.1\build\x64\release\global.obj
d:\work\qt\pro_26.0_occ7.3.0\qhull-2019.1\build\x64\release\global_r.obj
d:\work\qt\pro_26.0_occ7.3.0\qhull-2019.1\build\x64\release\io.obj
d:\work\qt\pro_26.0_occ7.3.0\qhull-2019.1\build\x64\release\io_r.obj
d:\work\qt\pro_26.0_occ7.3.0\qhull-2019.1\build\x64\release\libqhull.obj
d:\work\qt\pro_26.0_occ7.3.0\qhull-2019.1\build\x64\release\libqhull_r.obj
d:\work\qt\pro_26.0_occ7.3.0\qhull-2019.1\build\x64\release\mem.obj
d:\work\qt\pro_26.0_occ7.3.0\qhull-2019.1\build\x64\release\mem_r.obj
d:\work\qt\pro_26.0_occ7.3.0\qhull-2019.1\build\x64\release\merge.obj
d:\work\qt\pro_26.0_occ7.3.0\qhull-2019.1\build\x64\release\merge_r.obj
d:\work\qt\pro_26.0_occ7.3.0\qhull-2019.1\build\x64\release\poly.obj
d:\work\qt\pro_26.0_occ7.3.0\qhull-2019.1\build\x64\release\poly2.obj
d:\work\qt\pro_26.0_occ7.3.0\qhull-2019.1\build\x64\release\poly2_r.obj
d:\work\qt\pro_26.0_occ7.3.0\qhull-2019.1\build\x64\release\poly_r.obj
d:\work\qt\pro_26.0_occ7.3.0\qhull-2019.1\build\x64\release\qset.obj
d:\work\qt\pro_26.0_occ7.3.0\qhull-2019.1\build\x64\release\qset_r.obj
d:\work\qt\pro_26.0_occ7.3.0\qhull-2019.1\build\x64\release\random.obj
d:\work\qt\pro_26.0_occ7.3.0\qhull-2019.1\build\x64\release\random_r.obj
d:\work\qt\pro_26.0_occ7.3.0\qhull-2019.1\build\x64\release\rboxlib_r.obj
d:\work\qt\pro_26.0_occ7.3.0\qhull-2019.1\build\x64\release\qconvex.tlog\cl.command.1.tlog
d:\work\qt\pro_26.0_occ7.3.0\qhull-2019.1\build\x64\release\qconvex.tlog\cl.read.1.tlog
d:\work\qt\pro_26.0_occ7.3.0\qhull-2019.1\build\x64\release\qconvex.tlog\cl.write.1.tlog
d:\work\qt\pro_26.0_occ7.3.0\qhull-2019.1\build\x64\release\qconvex.tlog\link.command.1.tlog
d:\work\qt\pro_26.0_occ7.3.0\qhull-2019.1\build\x64\release\qconvex.tlog\link.read.1.tlog
d:\work\qt\pro_26.0_occ7.3.0\qhull-2019.1\build\x64\release\qconvex.tlog\link.write.1.tlog
