d:\work\qt\pro_26.0_occ7.3.0\qhull-2019.1\bin\qhullcpp.pdb
d:\work\qt\pro_26.0_occ7.3.0\qhull-2019.1\build\x64\release\roadlogevent.obj
d:\work\qt\pro_26.0_occ7.3.0\qhull-2019.1\build\x64\release\roaderror.obj
d:\work\qt\pro_26.0_occ7.3.0\qhull-2019.1\build\x64\release\rboxpoints.obj
d:\work\qt\pro_26.0_occ7.3.0\qhull-2019.1\build\x64\release\qhullvertexset.obj
d:\work\qt\pro_26.0_occ7.3.0\qhull-2019.1\build\x64\release\qhullvertex.obj
d:\work\qt\pro_26.0_occ7.3.0\qhull-2019.1\build\x64\release\qhullstat.obj
d:\work\qt\pro_26.0_occ7.3.0\qhull-2019.1\build\x64\release\qhullset.obj
d:\work\qt\pro_26.0_occ7.3.0\qhull-2019.1\build\x64\release\qhullridge.obj
d:\work\qt\pro_26.0_occ7.3.0\qhull-2019.1\build\x64\release\qhullqh.obj
d:\work\qt\pro_26.0_occ7.3.0\qhull-2019.1\build\x64\release\qhullpointset.obj
d:\work\qt\pro_26.0_occ7.3.0\qhull-2019.1\build\x64\release\qhullpoints.obj
d:\work\qt\pro_26.0_occ7.3.0\qhull-2019.1\build\x64\release\qhullpoint.obj
d:\work\qt\pro_26.0_occ7.3.0\qhull-2019.1\build\x64\release\qhullhyperplane.obj
d:\work\qt\pro_26.0_occ7.3.0\qhull-2019.1\build\x64\release\qhullfacetset.obj
d:\work\qt\pro_26.0_occ7.3.0\qhull-2019.1\build\x64\release\qhullfacetlist.obj
d:\work\qt\pro_26.0_occ7.3.0\qhull-2019.1\build\x64\release\qhullfacet.obj
d:\work\qt\pro_26.0_occ7.3.0\qhull-2019.1\build\x64\release\qhull.obj
d:\work\qt\pro_26.0_occ7.3.0\qhull-2019.1\build\x64\release\pointcoordinates.obj
d:\work\qt\pro_26.0_occ7.3.0\qhull-2019.1\build\x64\release\coordinates.obj
d:\work\qt\pro_26.0_occ7.3.0\qhull-2019.1\lib\qhullcpp.lib
d:\work\qt\pro_26.0_occ7.3.0\qhull-2019.1\build\x64\release\qset.obj
d:\work\qt\pro_26.0_occ7.3.0\qhull-2019.1\build\x64\release\qset_r.obj
d:\work\qt\pro_26.0_occ7.3.0\qhull-2019.1\build\x64\release\qvoronoi.obj
d:\work\qt\pro_26.0_occ7.3.0\qhull-2019.1\build\x64\release\random.obj
d:\work\qt\pro_26.0_occ7.3.0\qhull-2019.1\build\x64\release\random_r.obj
d:\work\qt\pro_26.0_occ7.3.0\qhull-2019.1\build\x64\release\rbox.obj
d:\work\qt\pro_26.0_occ7.3.0\qhull-2019.1\build\x64\release\rboxlib.obj
d:\work\qt\pro_26.0_occ7.3.0\qhull-2019.1\build\x64\release\rboxlib_r.obj
d:\work\qt\pro_26.0_occ7.3.0\qhull-2019.1\build\x64\release\stat.obj
d:\work\qt\pro_26.0_occ7.3.0\qhull-2019.1\build\x64\release\stat_r.obj
d:\work\qt\pro_26.0_occ7.3.0\qhull-2019.1\build\x64\release\testqset.obj
d:\work\qt\pro_26.0_occ7.3.0\qhull-2019.1\build\x64\release\testqset_r.obj
d:\work\qt\pro_26.0_occ7.3.0\qhull-2019.1\build\x64\release\unix_r.obj
d:\work\qt\pro_26.0_occ7.3.0\qhull-2019.1\build\x64\release\user.obj
d:\work\qt\pro_26.0_occ7.3.0\qhull-2019.1\build\x64\release\usermem.obj
d:\work\qt\pro_26.0_occ7.3.0\qhull-2019.1\build\x64\release\userprintf.obj
d:\work\qt\pro_26.0_occ7.3.0\qhull-2019.1\build\x64\release\userprintf_rbox.obj
d:\work\qt\pro_26.0_occ7.3.0\qhull-2019.1\build\x64\release\user_eg2_r.obj
d:\work\qt\pro_26.0_occ7.3.0\qhull-2019.1\build\x64\release\user_eg3_r.obj
d:\work\qt\pro_26.0_occ7.3.0\qhull-2019.1\build\x64\release\user_eg_r.obj
d:\work\qt\pro_26.0_occ7.3.0\qhull-2019.1\build\x64\release\qhullcpp.tlog\cl.command.1.tlog
d:\work\qt\pro_26.0_occ7.3.0\qhull-2019.1\build\x64\release\qhullcpp.tlog\cl.read.1.tlog
d:\work\qt\pro_26.0_occ7.3.0\qhull-2019.1\build\x64\release\qhullcpp.tlog\cl.write.1.tlog
d:\work\qt\pro_26.0_occ7.3.0\qhull-2019.1\build\x64\release\qhullcpp.tlog\lib-link.read.1.tlog
d:\work\qt\pro_26.0_occ7.3.0\qhull-2019.1\build\x64\release\qhullcpp.tlog\lib-link.write.1.tlog
d:\work\qt\pro_26.0_occ7.3.0\qhull-2019.1\build\x64\release\qhullcpp.tlog\lib.command.1.tlog
