C:\Program Files (x86)\MSBuild\Microsoft.Cpp\v4.0\V140\Microsoft.CppClean.targets(76,5): warning : The process cannot access the file 'd:\work\qt\pro_26.0_occ7.3.0\qhull-2019.1\build\x64\release\rboxlib_r.obj' because it is being used by another process.
C:\Program Files (x86)\MSBuild\Microsoft.Cpp\v4.0\V140\Microsoft.CppBuild.targets(392,5): warning MSB8028: The intermediate directory (x64\Release\) contains files shared from another project (qconvex.vcxproj, qdelaunay.vcxproj, qhalf.vcxproj, qhull.vcxproj, qhullcpp.vcxproj, qhullstatic.vcxproj, qhullstatic_r.vcxproj, qhull_p.vcxproj, qhull_r.vcxproj, qvoronoi.vcxproj, rbox.vcxproj, testqset.vcxproj, testqset_r.vcxproj, user_eg.vcxproj, user_eg2.vcxproj, user_eg3.vcxproj).  This can lead to incorrect clean and rebuild behavior.
  geom.c
  geom2.c
  global.c
  io.c
  libqhull.c
  mem.c
  merge.c
  poly.c
  poly2.c
  qset.c
  random.c
  rboxlib.c
  stat.c
  user.c
  usermem.c
  userprintf.c
  userprintf_rbox.c
  Generating Code...
LINK : fatal error LNK1181: cannot open input file 'x64\Release\geom.obj'
