C:\Program Files (x86)\MSBuild\Microsoft.Cpp\v4.0\V140\Microsoft.CppBuild.targets(392,5): warning MSB8028: The intermediate directory (x64\Release\) contains files shared from another project (libqhull.vcxproj, qconvex.vcxproj, qdelaunay.vcxproj, qhalf.vcxproj, qhull.vcxproj, qhullstatic_r.vcxproj, qhull_p.vcxproj, qvoronoi.vcxproj, rbox.vcxproj, testqset.vcxproj, testqset_r.vcxproj, user_eg.vcxproj, user_eg2.vcxproj, user_eg3.vcxproj).  This can lead to incorrect clean and rebuild behavior.
  geom2_r.c
  geom_r.c
  global_r.c
  io_r.c
  libqhull_r.c
  mem_r.c
  merge_r.c
  poly2_r.c
  poly_r.c
  qset_r.c
  random_r.c
  rboxlib_r.c
  stat_r.c
  usermem_r.c
  userprintf_r.c
  userprintf_rbox_r.c
  user_r.c
  Generating Code...
C:\Program Files (x86)\MSBuild\Microsoft.Cpp\v4.0\V140\Microsoft.CppBuild.targets(1189,5): warning MSB8012: TargetPath(D:\Work\Qt\pro_26.0_OCC7.3.0\qhull-2019.1\build\x64\Release\qhull_r.dll) does not match the Linker's OutputFile property value (D:\Work\Qt\pro_26.0_OCC7.3.0\qhull-2019.1\bin\qhull_r.dll). This may cause your project to build incorrectly. To correct this, please make sure that $(OutDir), $(TargetName) and $(TargetExt) property values match the value specified in %(Link.OutputFile).
LINK : fatal error LNK1181: cannot open input file 'x64\Release\geom2_r.obj'
